<?xml version="1.0" encoding="UTF-8"?>
<!-- Generated by org.testng.reporters.JUnitReportReporter -->
<testsuite hostname="Bye-Bye" failures="0" tests="1" name="Demo.LoginTest" time="0.011" errors="0" timestamp="2024-04-20T12:40:39 IST" skipped="0">
  <testcase classname="Demo.LoginTest" name="login" time="0.011"/>
  <system-out>
    <![CDATA[--------------Job1 - Login------------]]>
  </system-out>
</testsuite> <!-- Demo.LoginTest -->
